<?xml version="1.0" encoding="UTF-8"?>
<!-- Generated by org.testng.reporters.JUnitReportReporter -->
<testsuite hostname="ZCHD-CQR-YOGENDRA-THAKUR" failures="0" tests="1" name="ApiTesting.DemoTest.AppTest" time="0.001" errors="0" timestamp="30 May 2022 05:35:04 GMT" skipped="0">
  <testcase classname="ApiTesting.DemoTest.AppTest" name="testApp" time="0.001"/>
</testsuite> <!-- ApiTesting.DemoTest.AppTest -->
